2020-10-06T17:52:28+00:00 CRITICAL Uncaught Error: Call to undefined function paginatedProducts() in /Users/helvinrymer/Local Sites/self-fit/app/public/wp-content/themes/selffit/Partials/products.php:66
Stack trace:
#0 /Users/helvinrymer/Local Sites/self-fit/app/public/wp-content/themes/selffit/page-products.php(3): require_once()
#1 /Users/helvinrymer/Local Sites/self-fit/app/public/wp-includes/template-loader.php(106): include('/Users/helvinry...')
#2 /Users/helvinrymer/Local Sites/self-fit/app/public/wp-blog-header.php(19): require_once('/Users/helvinry...')
#3 /Users/helvinrymer/Local Sites/self-fit/app/public/index.php(17): require('/Users/helvinry...')
#4 {main}
  thrown in /Users/helvinrymer/Local Sites/self-fit/app/public/wp-content/themes/selffit/Partials/products.php on line 66

2020-10-06T17:52:41+00:00 CRITICAL Uncaught Error: Call to undefined function paginatedProducts() in /Users/helvinrymer/Local Sites/self-fit/app/public/wp-content/themes/selffit/Partials/products.php:66
Stack trace:
#0 /Users/helvinrymer/Local Sites/self-fit/app/public/wp-content/themes/selffit/page-products.php(3): require_once()
#1 /Users/helvinrymer/Local Sites/self-fit/app/public/wp-includes/template-loader.php(106): include('/Users/helvinry...')
#2 /Users/helvinrymer/Local Sites/self-fit/app/public/wp-blog-header.php(19): require_once('/Users/helvinry...')
#3 /Users/helvinrymer/Local Sites/self-fit/app/public/index.php(17): require('/Users/helvinry...')
#4 {main}
  thrown in /Users/helvinrymer/Local Sites/self-fit/app/public/wp-content/themes/selffit/Partials/products.php on line 66

2020-10-06T18:20:38+00:00 CRITICAL syntax error, unexpected '" style="' (T_CONSTANT_ENCAPSED_STRING), expecting ';' or ',' in /Users/helvinrymer/Local Sites/self-fit/app/public/wp-content/themes/selffit/Partials/section1.php on line 19

2020-10-06T18:20:52+00:00 CRITICAL Uncaught Error: Call to undefined function get_thumbnail_url() in /Users/helvinrymer/Local Sites/self-fit/app/public/wp-content/themes/selffit/Partials/section1.php:19
Stack trace:
#0 /Users/helvinrymer/Local Sites/self-fit/app/public/wp-content/themes/selffit/front-page.php(4): require_once()
#1 /Users/helvinrymer/Local Sites/self-fit/app/public/wp-includes/template-loader.php(106): include('/Users/helvinry...')
#2 /Users/helvinrymer/Local Sites/self-fit/app/public/wp-blog-header.php(19): require_once('/Users/helvinry...')
#3 /Users/helvinrymer/Local Sites/self-fit/app/public/index.php(17): require('/Users/helvinry...')
#4 {main}
  thrown in /Users/helvinrymer/Local Sites/self-fit/app/public/wp-content/themes/selffit/Partials/section1.php on line 19

2020-10-06T18:27:51+00:00 CRITICAL syntax error, unexpected '?' in /Users/helvinrymer/Local Sites/self-fit/app/public/wp-content/themes/selffit/Partials/section1.php on line 31

2020-10-06T18:39:31+00:00 CRITICAL Uncaught Error: Call to undefined function te_title() in /Users/helvinrymer/Local Sites/self-fit/app/public/wp-content/themes/selffit/Partials/section6.php:23
Stack trace:
#0 /Users/helvinrymer/Local Sites/self-fit/app/public/wp-content/themes/selffit/front-page.php(8): require_once()
#1 /Users/helvinrymer/Local Sites/self-fit/app/public/wp-includes/template-loader.php(106): include('/Users/helvinry...')
#2 /Users/helvinrymer/Local Sites/self-fit/app/public/wp-blog-header.php(19): require_once('/Users/helvinry...')
#3 /Users/helvinrymer/Local Sites/self-fit/app/public/index.php(17): require('/Users/helvinry...')
#4 {main}
  thrown in /Users/helvinrymer/Local Sites/self-fit/app/public/wp-content/themes/selffit/Partials/section6.php on line 23

2020-10-06T18:39:56+00:00 CRITICAL Uncaught Error: Call to undefined function te_title() in /Users/helvinrymer/Local Sites/self-fit/app/public/wp-content/themes/selffit/Partials/section6.php:23
Stack trace:
#0 /Users/helvinrymer/Local Sites/self-fit/app/public/wp-content/themes/selffit/front-page.php(8): require_once()
#1 /Users/helvinrymer/Local Sites/self-fit/app/public/wp-includes/template-loader.php(106): include('/Users/helvinry...')
#2 /Users/helvinrymer/Local Sites/self-fit/app/public/wp-blog-header.php(19): require_once('/Users/helvinry...')
#3 /Users/helvinrymer/Local Sites/self-fit/app/public/index.php(17): require('/Users/helvinry...')
#4 {main}
  thrown in /Users/helvinrymer/Local Sites/self-fit/app/public/wp-content/themes/selffit/Partials/section6.php on line 23

2020-10-06T18:42:23+00:00 CRITICAL Uncaught Error: Call to undefined function get_excerpt() in /Users/helvinrymer/Local Sites/self-fit/app/public/wp-content/themes/selffit/Partials/section6.php:25
Stack trace:
#0 /Users/helvinrymer/Local Sites/self-fit/app/public/wp-content/themes/selffit/front-page.php(8): require_once()
#1 /Users/helvinrymer/Local Sites/self-fit/app/public/wp-includes/template-loader.php(106): include('/Users/helvinry...')
#2 /Users/helvinrymer/Local Sites/self-fit/app/public/wp-blog-header.php(19): require_once('/Users/helvinry...')
#3 /Users/helvinrymer/Local Sites/self-fit/app/public/index.php(17): require('/Users/helvinry...')
#4 {main}
  thrown in /Users/helvinrymer/Local Sites/self-fit/app/public/wp-content/themes/selffit/Partials/section6.php on line 25

2020-10-06T18:42:24+00:00 CRITICAL Uncaught Error: Call to undefined function get_excerpt() in /Users/helvinrymer/Local Sites/self-fit/app/public/wp-content/themes/selffit/Partials/section6.php:25
Stack trace:
#0 /Users/helvinrymer/Local Sites/self-fit/app/public/wp-content/themes/selffit/front-page.php(8): require_once()
#1 /Users/helvinrymer/Local Sites/self-fit/app/public/wp-includes/template-loader.php(106): include('/Users/helvinry...')
#2 /Users/helvinrymer/Local Sites/self-fit/app/public/wp-blog-header.php(19): require_once('/Users/helvinry...')
#3 /Users/helvinrymer/Local Sites/self-fit/app/public/index.php(17): require('/Users/helvinry...')
#4 {main}
  thrown in /Users/helvinrymer/Local Sites/self-fit/app/public/wp-content/themes/selffit/Partials/section6.php on line 25

2020-10-06T18:42:48+00:00 CRITICAL Uncaught Error: Call to undefined function get_excerpt() in /Users/helvinrymer/Local Sites/self-fit/app/public/wp-content/themes/selffit/Partials/section6.php:25
Stack trace:
#0 /Users/helvinrymer/Local Sites/self-fit/app/public/wp-content/themes/selffit/front-page.php(8): require_once()
#1 /Users/helvinrymer/Local Sites/self-fit/app/public/wp-includes/template-loader.php(106): include('/Users/helvinry...')
#2 /Users/helvinrymer/Local Sites/self-fit/app/public/wp-blog-header.php(19): require_once('/Users/helvinry...')
#3 /Users/helvinrymer/Local Sites/self-fit/app/public/index.php(17): require('/Users/helvinry...')
#4 {main}
  thrown in /Users/helvinrymer/Local Sites/self-fit/app/public/wp-content/themes/selffit/Partials/section6.php on line 25

2020-10-06T20:37:27+00:00 CRITICAL syntax error, unexpected end of file in /Users/helvinrymer/Local Sites/self-fit/app/public/wp-content/themes/selffit/functions.php on line 70

2020-10-06T21:06:32+00:00 CRITICAL syntax error, unexpected end of file in /Users/helvinrymer/Local Sites/self-fit/app/public/wp-content/themes/selffit/woocommerce.php on line 3

2020-10-06T21:44:19+00:00 CRITICAL Uncaught Error: Call to undefined function woocommerce_cart() in /Users/helvinrymer/Local Sites/self-fit/app/public/wp-content/themes/selffit/template-shop.php:9
Stack trace:
#0 /Users/helvinrymer/Local Sites/self-fit/app/public/wp-includes/template-loader.php(106): include()
#1 /Users/helvinrymer/Local Sites/self-fit/app/public/wp-blog-header.php(19): require_once('/Users/helvinry...')
#2 /Users/helvinrymer/Local Sites/self-fit/app/public/index.php(17): require('/Users/helvinry...')
#3 {main}
  thrown in /Users/helvinrymer/Local Sites/self-fit/app/public/wp-content/themes/selffit/template-shop.php on line 9

